&&&& RUNNING TensorRT.trtexec [TensorRT v8502] # /usr/src/tensorrt/bin/trtexec --onnx=best.onnx --saveEngine=best_model.engine --fp16
[12/31/1999-19:09:35] [I] === Model Options ===
[12/31/1999-19:09:35] [I] Format: ONNX
[12/31/1999-19:09:35] [I] Model: best.onnx
[12/31/1999-19:09:35] [I] Output:
[12/31/1999-19:09:35] [I] === Build Options ===
[12/31/1999-19:09:35] [I] Max batch: explicit batch
[12/31/1999-19:09:35] [I] Memory Pools: workspace: default, dlaSRAM: default, dlaLocalDRAM: default, dlaGlobalDRAM: default
[12/31/1999-19:09:35] [I] minTiming: 1
[12/31/1999-19:09:35] [I] avgTiming: 8
[12/31/1999-19:09:35] [I] Precision: FP32+FP16
[12/31/1999-19:09:35] [I] LayerPrecisions: 
[12/31/1999-19:09:35] [I] Calibration: 
[12/31/1999-19:09:35] [I] Refit: Disabled
[12/31/1999-19:09:35] [I] Sparsity: Disabled
[12/31/1999-19:09:35] [I] Safe mode: Disabled
[12/31/1999-19:09:35] [I] DirectIO mode: Disabled
[12/31/1999-19:09:35] [I] Restricted mode: Disabled
[12/31/1999-19:09:35] [I] Build only: Disabled
[12/31/1999-19:09:35] [I] Save engine: best_model.engine
[12/31/1999-19:09:35] [I] Load engine: 
[12/31/1999-19:09:35] [I] Profiling verbosity: 0
[12/31/1999-19:09:35] [I] Tactic sources: Using default tactic sources
[12/31/1999-19:09:35] [I] timingCacheMode: local
[12/31/1999-19:09:35] [I] timingCacheFile: 
[12/31/1999-19:09:35] [I] Heuristic: Disabled
[12/31/1999-19:09:35] [I] Preview Features: Use default preview flags.
[12/31/1999-19:09:35] [I] Input(s)s format: fp32:CHW
[12/31/1999-19:09:35] [I] Output(s)s format: fp32:CHW
[12/31/1999-19:09:35] [I] Input build shapes: model
[12/31/1999-19:09:35] [I] Input calibration shapes: model
[12/31/1999-19:09:35] [I] === System Options ===
[12/31/1999-19:09:35] [I] Device: 0
[12/31/1999-19:09:35] [I] DLACore: 
[12/31/1999-19:09:35] [I] Plugins:
[12/31/1999-19:09:35] [I] === Inference Options ===
[12/31/1999-19:09:35] [I] Batch: Explicit
[12/31/1999-19:09:35] [I] Input inference shapes: model
[12/31/1999-19:09:35] [I] Iterations: 10
[12/31/1999-19:09:35] [I] Duration: 3s (+ 200ms warm up)
[12/31/1999-19:09:35] [I] Sleep time: 0ms
[12/31/1999-19:09:35] [I] Idle time: 0ms
[12/31/1999-19:09:35] [I] Streams: 1
[12/31/1999-19:09:35] [I] ExposeDMA: Disabled
[12/31/1999-19:09:35] [I] Data transfers: Enabled
[12/31/1999-19:09:35] [I] Spin-wait: Disabled
[12/31/1999-19:09:35] [I] Multithreading: Disabled
[12/31/1999-19:09:35] [I] CUDA Graph: Disabled
[12/31/1999-19:09:35] [I] Separate profiling: Disabled
[12/31/1999-19:09:35] [I] Time Deserialize: Disabled
[12/31/1999-19:09:35] [I] Time Refit: Disabled
[12/31/1999-19:09:35] [I] NVTX verbosity: 0
[12/31/1999-19:09:35] [I] Persistent Cache Ratio: 0
[12/31/1999-19:09:35] [I] Inputs:
[12/31/1999-19:09:35] [I] === Reporting Options ===
[12/31/1999-19:09:35] [I] Verbose: Disabled
[12/31/1999-19:09:35] [I] Averages: 10 inferences
[12/31/1999-19:09:35] [I] Percentiles: 90,95,99
[12/31/1999-19:09:35] [I] Dump refittable layers:Disabled
[12/31/1999-19:09:35] [I] Dump output: Disabled
[12/31/1999-19:09:35] [I] Profile: Disabled
[12/31/1999-19:09:35] [I] Export timing to JSON file: 
[12/31/1999-19:09:35] [I] Export output to JSON file: 
[12/31/1999-19:09:35] [I] Export profile to JSON file: 
[12/31/1999-19:09:35] [I] 
[12/31/1999-19:09:35] [I] === Device Information ===
[12/31/1999-19:09:35] [I] Selected Device: Xavier
[12/31/1999-19:09:35] [I] Compute Capability: 7.2
[12/31/1999-19:09:35] [I] SMs: 8
[12/31/1999-19:09:35] [I] Compute Clock Rate: 1.377 GHz
[12/31/1999-19:09:35] [I] Device Global Memory: 14886 MiB
[12/31/1999-19:09:35] [I] Shared Memory per SM: 96 KiB
[12/31/1999-19:09:35] [I] Memory Bus Width: 256 bits (ECC disabled)
[12/31/1999-19:09:35] [I] Memory Clock Rate: 1.377 GHz
[12/31/1999-19:09:35] [I] 
[12/31/1999-19:09:35] [I] TensorRT version: 8.5.2
[12/31/1999-19:09:36] [I] [TRT] [MemUsageChange] Init CUDA: CPU +187, GPU +0, now: CPU 216, GPU 3251 (MiB)
[12/31/1999-19:09:38] [I] [TRT] [MemUsageChange] Init builder kernel library: CPU +106, GPU +107, now: CPU 344, GPU 3375 (MiB)
[12/31/1999-19:09:38] [I] Start parsing network model
[12/31/1999-19:09:39] [I] [TRT] ----------------------------------------------------------------
[12/31/1999-19:09:39] [I] [TRT] Input filename:   best.onnx
[12/31/1999-19:09:39] [I] [TRT] ONNX IR version:  0.0.9
[12/31/1999-19:09:39] [I] [TRT] Opset version:    20
[12/31/1999-19:09:39] [I] [TRT] Producer name:    pytorch
[12/31/1999-19:09:39] [I] [TRT] Producer version: 2.12.1
[12/31/1999-19:09:39] [I] [TRT] Domain:           
[12/31/1999-19:09:39] [I] [TRT] Model version:    0
[12/31/1999-19:09:39] [I] [TRT] Doc string:       
[12/31/1999-19:09:39] [I] [TRT] ----------------------------------------------------------------
[12/31/1999-19:09:39] [I] Finish parsing network model
&&&& FAILED TensorRT.trtexec [TensorRT v8502] # /usr/src/tensorrt/bin/trtexec --onnx=best.onnx --saveEngine=best_model.engine --fp16

[12/31/1999-19:09:39] [W] [TRT] onnx2trt_utils.cpp:375: Your ONNX model has been generated with INT64 weights, while TensorRT does not natively support INT64. Attempting to cast down to INT32.
[12/31/1999-19:09:39] [E] [TRT] ModelImporter.cpp:726: While parsing node number 368 [TopK -> "/model.23/TopK_output_0"]:
[12/31/1999-19:09:39] [E] [TRT] ModelImporter.cpp:727: --- Begin node ---
[12/31/1999-19:09:39] [E] [TRT] ModelImporter.cpp:728: input: "/model.23/ReduceMax_output_0"
input: "/model.23/Constant_16_output_0"
output: "/model.23/TopK_output_0"
output: "/model.23/TopK_output_1"
name: "/model.23/TopK"
op_type: "TopK"
attribute {
  name: "axis"
  i: -1
  type: INT
}
attribute {
  name: "largest"
  i: 1
  type: INT
}
attribute {
  name: "sorted"
  i: 1
  type: INT
}

[12/31/1999-19:09:39] [E] [TRT] ModelImporter.cpp:729: --- End node ---
[12/31/1999-19:09:39] [E] [TRT] ModelImporter.cpp:731: ERROR: onnx2trt_utils.cpp:345 In function convertAxis:
[8] Assertion failed: (axis >= 0 && axis <= nbDims) && "Axis must be in the range [0, nbDims]."
[12/31/1999-19:09:39] [E] Failed to parse onnx file
[12/31/1999-19:09:39] [E] Parsing model failed
[12/31/1999-19:09:39] [E] Failed to create engine from model or file.
[12/31/1999-19:09:39] [E] Engine set up failed

